#
# A fatal error has been detected by the Java Runtime Environment:
#
#  SIGSEGV (0xb) at pc=0x00007fffb165e05d, pid=93921, tid=775
#
# JRE version: Java(TM) SE Runtime Environment (13.0.1+9) (build 13.0.1+9)
# Java VM: Java HotSpot(TM) 64-Bit Server VM (13.0.1+9, mixed mode, sharing, tiered, compressed oops, g1 gc, bsd-amd64)
# Problematic frame:
# C  [libobjc.A.dylib+0x705d]  objc_msgSend+0x1d
#
# No core dump will be written. Core dumps have been disabled. To enable core dumping, try "ulimit -c unlimited" before starting Java again
#
# If you would like to submit a bug report, please visit:
#   http://bugreport.java.com/bugreport/crash.jsp
# The crash happened outside the Java Virtual Machine in native code.
# See problematic frame for where to report the bug.
#

---------------  S U M M A R Y ------------

Command Line: -ea -Djava.library.path=/Users/georgekoutsaris/Desktop/UNIVERSITY/Concordia/SEMESTERS/FALL 2020/SOEN 343/SOEN 343 PROJECT/soen343_project_delivery1/java/javaFX/javafx-sdk-15/lib -Didea.test.cyclic.buffer.size=1048576 -javaagent:/Users/georgekoutsaris/Desktop/new IntelliJ IDEA/IntelliJ IDEA CE.app/Contents/lib/idea_rt.jar=62259:/Users/georgekoutsaris/Desktop/new IntelliJ IDEA/IntelliJ IDEA CE.app/Contents/bin -Dfile.encoding=UTF-8 com.intellij.rt.junit.JUnitStarter -ideVersion5 -junit4 junit_tests.TestUseCase14

Host: MacBookPro11,4 x86_64 2200 MHz, 8 cores, 16G, Darwin 16.7.0
Time: Fri Nov  6 17:26:19 2020 EST elapsed time: 3 seconds (0d 0h 0m 3s)

---------------  T H R E A D  ---------------

Current thread (0x00007fbd1a173000):  JavaThread "JavaFX Application Thread" [_thread_in_native, id=775, stack(0x00007fff51ac1000,0x00007fff522c1000)]

Stack: [0x00007fff51ac1000,0x00007fff522c1000],  sp=0x00007fff522b8188,  free space=8156k
Native frames: (J=compiled Java code, A=aot compiled Java code, j=interpreted, Vv=VM code, C=native code)
C  [libobjc.A.dylib+0x705d]  objc_msgSend+0x1d
